<?xml version="1.0" encoding="UTF-8"?>
<testng-results skipped="0" failed="0" ignored="0" total="1" passed="1">
  <reporter-output>
  </reporter-output>
  <suite name="Default suite" duration-ms="30897" started-at="2019-03-20T13:40:48Z" finished-at="2019-03-20T13:41:19Z">
    <groups>
    </groups>
    <test name="Default test" duration-ms="30897" started-at="2019-03-20T13:40:48Z" finished-at="2019-03-20T13:41:19Z">
      <class name="com.training.sanity.tests.RTTC56_Add_DiscountTest">
        <test-method status="PASS" signature="setUpBeforeClass()[pri:0, instance:com.training.sanity.tests.RTTC56_Add_DiscountTest@66a3ffec]" name="setUpBeforeClass" is-config="true" duration-ms="11" started-at="2019-03-20T13:40:48Z" finished-at="2019-03-20T13:40:48Z">
          <reporter-output>
          </reporter-output>
        </test-method> <!-- setUpBeforeClass -->
        <test-method status="PASS" signature="setUp()[pri:0, instance:com.training.sanity.tests.RTTC56_Add_DiscountTest@66a3ffec]" name="setUp" is-config="true" duration-ms="8609" started-at="2019-03-20T13:40:48Z" finished-at="2019-03-20T13:40:56Z">
          <reporter-output>
          </reporter-output>
        </test-method> <!-- setUp -->
        <test-method status="PASS" signature="validLoginTest()[pri:1, instance:com.training.sanity.tests.RTTC56_Add_DiscountTest@66a3ffec]" name="validLoginTest" duration-ms="20320" started-at="2019-03-20T13:40:56Z" finished-at="2019-03-20T13:41:17Z">
          <reporter-output>
          </reporter-output>
        </test-method> <!-- validLoginTest -->
        <test-method status="PASS" signature="tearDown()[pri:0, instance:com.training.sanity.tests.RTTC56_Add_DiscountTest@66a3ffec]" name="tearDown" is-config="true" duration-ms="1924" started-at="2019-03-20T13:41:17Z" finished-at="2019-03-20T13:41:19Z">
          <reporter-output>
          </reporter-output>
        </test-method> <!-- tearDown -->
      </class> <!-- com.training.sanity.tests.RTTC56_Add_DiscountTest -->
    </test> <!-- Default test -->
  </suite> <!-- Default suite -->
</testng-results>
