<?xml version="1.0" encoding="UTF-8"?>
<!-- Generated by org.testng.reporters.JUnitXMLReporter -->
<testsuite hostname="DESKTOP-VCUME9E" ignored="0" name="Default test" tests="5" failures="0" timestamp="11 Mar 2019 08:51:01 GMT" time="22.444" errors="0">
  <testcase name="setUpBeforeClass" time="0.019" classname="com.training.sanity.tests.Customer_Online_Test"/>
  <testcase name="setUp" time="11.037" classname="com.training.sanity.tests.Customer_Online_Test"/>
  <testcase name="validLoginTest" time="8.027" classname="com.training.sanity.tests.Customer_Online_Test"/>
  <testcase name="LogoutTest" time="0.97" classname="com.training.sanity.tests.Customer_Online_Test"/>
  <testcase name="tearDown" time="2.345" classname="com.training.sanity.tests.Customer_Online_Test"/>
</testsuite> <!-- Default test -->
